Resource Usage Report for prj_2_memory_sb 

Mapping to part: m2s025tvf400std
Cell usage:
CLKINT          4 uses
RCOSC_25_50MHZ  1 use
RCOSC_25_50MHZ_FAB  1 use
CFG1           4 uses
CFG2           36 uses
CFG3           73 uses
CFG4           208 uses


Sequential Cells: 
SLE            48 uses

DSP Blocks:    0 of 34 (0%)

I/O ports: 109
I/O primitives: 109
BIBUF          48 uses
INBUF          29 uses
OUTBUF         32 uses


Global Clock Buffers: 4

Total LUTs:    321

Extra resources required for RAM and MACC interface logic during P&R:

RAM64x18 Interface Logic : SLEs = 0; LUTs = 0;
RAM1K18  Interface Logic : SLEs = 0; LUTs = 0;
MACC     Interface Logic : SLEs = 0; LUTs = 0;

Total number of SLEs after P&R:  48 + 0 + 0 + 0 = 48;
Total number of LUTs after P&R:  321 + 0 + 0 + 0 = 321;

