----------------------------------------------------------------
-Pin Report - Date: Thu May 15 18:03:14 2025 Pinchecksum: NOT-AVAILABLE
-Product: Designer
-Release: v2024.1
-Version: 2024.1.0.3
-Design Name: prj_2_memory_sb
-Family: SmartFusion2
-Die: M2S025T
-Package: 256 VF
-----------------------------------------------------------------

Number |Port                |Function                                   |State      |I/O Std  |Direction |I/O state in Flash*Freeze mode |Resistor Pull |I/O available in Flash*Freeze mode |Schmitt Trigger |Odt_Static |Odt Imp (Ohm) |Low Power Exit |Input Delay |Slew |Pre-Emphasis |Output Drive (mA) |Output Load (pF) |
-------|--------------------|-------------------------------------------|-----------|---------|----------|-------------------------------|--------------|-----------------------------------|----------------|-----------|--------------|---------------|------------|-----|-------------|------------------|-----------------|
A1                           VDDI0                                       Reserved    
A2      SRAM_A_18            DDRIO60NB0/MDDR_DQ1                         Fixed       LVCMOS25  Output     TRISTATE                        None           No                                  ---              ---         ---            ---             ---          SLOW  ---           4                  5                 
A3      SRAM_A_13            DDRIO57PB0/MDDR_DM_RDQS0                    Fixed       LVCMOS25  Output     TRISTATE                        None           No                                  ---              ---         ---            ---             ---          SLOW  ---           4                  5                 
A4      SRAM_A_14            DDRIO58NB0/MDDR_DQS0_N                      Fixed       LVCMOS25  Output     TRISTATE                        None           No                                  ---              ---         ---            ---             ---          SLOW  ---           4                  5                 
A5      SRAM_A_15            DDRIO58PB0/MDDR_DQS0                        Fixed       LVCMOS25  Output     TRISTATE                        None           No                                  ---              ---         ---            ---             ---          SLOW  ---           4                  5                 
A6                           VSS                                         Reserved    
A7      SRAM_A_9             DDRIO55PB0/MDDR_DQ7                         Fixed       LVCMOS25  Output     TRISTATE                        None           No                                  ---              ---         ---            ---             ---          SLOW  ---           4                  5                 
A8      SRAM_A_8             DDRIO55NB0/MDDR_TMATCH_0_OUT                Fixed       LVCMOS25  Output     TRISTATE                        None           No                                  ---              ---         ---            ---             ---          SLOW  ---           4                  5                 
A9      SRAM_A_3             DDRIO52PB0/MDDR_DQS1/GB8/CCC_NE0_CLKI3      Special     LVCMOS25  Output     TRISTATE                        None           No                                  ---              ---         ---            ---             ---          SLOW  ---           4                  5                 
A10     SRAM_A_2             DDRIO52NB0/MDDR_DQS1_N                      Fixed       LVCMOS25  Output     TRISTATE                        None           No                                  ---              ---         ---            ---             ---          SLOW  ---           4                  5                 
A11                          VDDI0                                       Reserved    
A12     mcu_mem_io_up[7]     DDRIO46NB0/MDDR_CAS_N                       Fixed       LVCMOS25  Inout      TRISTATE                        None           No                                  Off              ---         ---            Off             Off          SLOW  ---           4                  5                 
A13     mcu_mem_io_up[6]     DDRIO46PB0/MDDR_RESET_N                     Fixed       LVCMOS25  Inout      TRISTATE                        None           No                                  Off              ---         ---            Off             Off          SLOW  ---           4                  5                 
A14     mcu_mem_io_up[5]     DDRIO45PB0/MDDR_CLK                         Fixed       LVCMOS25  Inout      TRISTATE                        None           No                                  Off              ---         ---            Off             Off          SLOW  ---           4                  5                 
A15     mcu_mem_io_up[4]     DDRIO45NB0/MDDR_CLK_N                       Fixed       LVCMOS25  Inout      TRISTATE                        None           No                                  Off              ---         ---            Off             Off          SLOW  ---           4                  5                 
A16                          VSS                                         Reserved    
B1      SRAM_WE              DDRIO64NB0/MDDR_DQS_ECC_N                   Fixed       LVCMOS25  Output     TRISTATE                        None           No                                  ---              ---         ---            ---             ---          SLOW  ---           4                  5                 
B2      SRAM_A_19            DDRIO60PB0/MDDR_DQ0                         Fixed       LVCMOS25  Output     TRISTATE                        None           No                                  ---              ---         ---            ---             ---          SLOW  ---           4                  5                 
B3      SRAM_A_12            DDRIO57NB0/MDDR_DQ4                         Fixed       LVCMOS25  Output     TRISTATE                        None           No                                  ---              ---         ---            ---             ---          SLOW  ---           4                  5                 
B4                           VDDI0                                       Reserved    
B5      SRAM_A_16            DDRIO59NB0/MDDR_DQ3                         Fixed       LVCMOS25  Output     TRISTATE                        None           No                                  ---              ---         ---            ---             ---          SLOW  ---           4                  5                 
B6      SRAM_A_17            DDRIO59PB0/MDDR_DQ2                         Fixed       LVCMOS25  Output     TRISTATE                        None           No                                  ---              ---         ---            ---             ---          SLOW  ---           4                  5                 
B7      SRAM_A_11            DDRIO56PB0/MDDR_DQ5                         Fixed       LVCMOS25  Output     TRISTATE                        None           No                                  ---              ---         ---            ---             ---          SLOW  ---           4                  5                 
B8      SRAM_A_1             DDRIO51PB0/MDDR_TMATCH_0_IN                 Fixed       LVCMOS25  Output     TRISTATE                        None           No                                  ---              ---         ---            ---             ---          SLOW  ---           4                  5                 
B9                           VSS                                         Reserved    
B10     mcu_mem_io_up[14]    DDRIO50NB0/MDDR_DQ13                        Fixed       LVCMOS25  Inout      TRISTATE                        None           No                                  Off              ---         ---            Off             Off          SLOW  ---           4                  5                 
B11     mcu_mem_io_up[15]    DDRIO50PB0/MDDR_DQ12/GB12/CCC_NE1_CLKI2     Special     LVCMOS25  Inout      TRISTATE                        None           No                                  Off              ---         ---            Off             Off          SLOW  ---           4                  5                 
B12     mcu_mem_io_up[11]    DDRIO48PB0/MDDR_RAS_N                       Fixed       LVCMOS25  Inout      TRISTATE                        None           No                                  Off              ---         ---            Off             Off          SLOW  ---           4                  5                 
B13     mcu_mem_io_up[1]     DDRIO43PB0/MDDR_BA2                         Fixed       LVCMOS25  Inout      TRISTATE                        None           No                                  Off              ---         ---            Off             Off          SLOW  ---           4                  5                 
B14                          VDDI0                                       Reserved    
B15     mcu_mem_io_down[0]   DDRIO35NB0/MDDR_ADDR15                      Fixed       LVCMOS25  Inout      TRISTATE                        None           No                                  Off              ---         ---            Off             Off          SLOW  ---           4                  5                 
B16     mcu_mem_io_down[13]  DDRIO41PB0/MDDR_ADDR3                       Fixed       LVCMOS25  Inout      TRISTATE                        None           No                                  Off              ---         ---            Off             Off          SLOW  ---           4                  5                 
C1      mcu_mem_io_up[12]    DDRIO64PB0/MDDR_DQS_ECC                     Fixed       LVCMOS25  Inout      TRISTATE                        None           No                                  Off              ---         ---            Off             Off          SLOW  ---           4                  5                 
C2                           VSS                                         Reserved    
C3      SRAM_OE              DDRIO63NB0/MDDR_DM_RDQS_ECC                 Fixed       LVCMOS25  Output     TRISTATE                        None           No                                  ---              ---         ---            ---             ---          SLOW  ---           4                  5                 
C4      SRAM_UB              DDRIO63PB0/MDDR_TMATCH_ECC_IN               Fixed       LVCMOS25  Output     TRISTATE                        None           No                                  ---              ---         ---            ---             ---          SLOW  ---           4                  5                 
C5      SRAM_LB              DDRIO62PB0/MDDR_DQ_ECC3                     Fixed       LVCMOS25  Output     TRISTATE                        None           No                                  ---              ---         ---            ---             ---          SLOW  ---           4                  5                 
C6      SRAM_A_10            DDRIO56NB0/MDDR_DQ6                         Fixed       LVCMOS25  Output     TRISTATE                        None           No                                  ---              ---         ---            ---             ---          SLOW  ---           4                  5                 
C7                           VDDI0                                       Reserved    
C8      SRAM_A_7             DDRIO54PB0/MDDR_DQ8                         Fixed       LVCMOS25  Output     TRISTATE                        None           No                                  ---              ---         ---            ---             ---          SLOW  ---           4                  5                 
C9      SRAM_A_6             DDRIO54NB0/MDDR_DQ9                         Fixed       LVCMOS25  Output     TRISTATE                        None           No                                  ---              ---         ---            ---             ---          SLOW  ---           4                  5                 
C10     SRAM_A_0             DDRIO51NB0/MDDR_DM_RDQS1                    Fixed       LVCMOS25  Output     TRISTATE                        None           No                                  ---              ---         ---            ---             ---          SLOW  ---           4                  5                 
C11     mcu_mem_io_up[10]    DDRIO48NB0/MDDR_WE_N                        Fixed       LVCMOS25  Inout      TRISTATE                        None           No                                  Off              ---         ---            Off             Off          SLOW  ---           4                  5                 
C12     mcu_mem_io_up[3]     DDRIO44PB0/MDDR_BA0                         Fixed       LVCMOS25  Inout      TRISTATE                        None           No                                  Off              ---         ---            Off             Off          SLOW  ---           4                  5                 
C13                          VSS                                         Reserved    
C14     mcu_mem_io_up[0]     DDRIO43NB0/MDDR_ADDR0                       Fixed       LVCMOS25  Inout      TRISTATE                        None           No                                  Off              ---         ---            Off             Off          SLOW  ---           4                  5                 
C15     mcu_mem_io_down[1]   DDRIO35PB0/MDDR_ADDR14                      Fixed       LVCMOS25  Inout      TRISTATE                        None           No                                  Off              ---         ---            Off             Off          SLOW  ---           4                  5                 
C16     mcu_mem_io_down[12]  DDRIO41NB0/MDDR_ADDR4                       Fixed       LVCMOS25  Inout      TRISTATE                        None           No                                  Off              ---         ---            Off             Off          SLOW  ---           4                  5                 
D1      SRAM_CS1             DDRIO61PB0/CCC_NW1_CLKI3                    Special     LVCMOS25  Output     TRISTATE                        None           No                                  ---              ---         ---            ---             ---          SLOW  ---           4                  5                 
D2      SRAM_A_20            DDRIO61NB0                                  Fixed       LVCMOS25  Output     TRISTATE                        None           No                                  ---              ---         ---            ---             ---          SLOW  ---           4                  5                 
D3      mcu_mem_io_down[9]   DDRIO66PB0/MDDR_TMATCH_ECC_OUT              Fixed       LVCMOS25  Inout      TRISTATE                        None           No                                  Off              ---         ---            Off             Off          SLOW  ---           4                  5                 
D4      mcu_mem_io_down[8]   DDRIO65PB0/GB0/CCC_NW0_CLKI3                Special     LVCMOS25  Inout      TRISTATE                        None           No                                  Off              ---         ---            Off             Off          SLOW  ---           4                  5                 
D5                           VSS                                         Reserved    
D6                           DDRIO62NB0/MDDR_DQ_ECC2                     Unassigned  
D7      SRAM_A_5             DDRIO53PB0/MDDR_DQ10/CCC_NE0_CLKI2          Special     LVCMOS25  Output     TRISTATE                        None           No                                  ---              ---         ---            ---             ---          SLOW  ---           4                  5                 
D8      SRAM_A_4             DDRIO53NB0/MDDR_DQ11                        Fixed       LVCMOS25  Output     TRISTATE                        None           No                                  ---              ---         ---            ---             ---          SLOW  ---           4                  5                 
D9                           DDRIO49PB0/MDDR_DQ14/CCC_NE1_CLKI3          Special     
D10                          VDDI0                                       Reserved    
D11     mcu_mem_io_up[8]     DDRIO47NB0/MDDR_CS_N                        Fixed       LVCMOS25  Inout      TRISTATE                        None           No                                  Off              ---         ---            Off             Off          SLOW  ---           4                  5                 
D12                          DDRIO44NB0/MDDR_BA1                         Unassigned  
D13     mcu_mem_io_down[2]   DDRIO36NB0/MDDR_ADDR13                      Fixed       LVCMOS25  Inout      TRISTATE                        None           No                                  Off              ---         ---            Off             Off          SLOW  ---           4                  5                 
D14     mcu_mem_io_down[3]   DDRIO36PB0/MDDR_ADDR12                      Fixed       LVCMOS25  Inout      TRISTATE                        None           No                                  Off              ---         ---            Off             Off          SLOW  ---           4                  5                 
D15                          VSS                                         Reserved    
D16     mcu_mem_io_down[11]  DDRIO40PB0/MDDR_ADDR5                       Fixed       LVCMOS25  Inout      TRISTATE                        None           No                                  Off              ---         ---            Off             Off          SLOW  ---           4                  5                 
E1                           MDDR_IMP_CALIB                              Reserved    
E2      mcu_mem_io_up[13]    DDRIO66NB0/CCC_NW0_CLKI2                    Special     LVCMOS25  Inout      TRISTATE                        None           No                                  Off              ---         ---            Off             Off          SLOW  ---           4                  5                 
E3                           VDDI0                                       Reserved    
E4                           DDRIO65NB0/GB4/CCC_NW1_CLKI2                Special     
E5                           CCC_NW0_NW1_PLL_VSSA                        Reserved    
E6                           CCC_NW0_NW1_PLL_VDDA                        Reserved    
E7                           VREF0                                       Reserved    
E8                           DDRIO49NB0/MDDR_DQ15                        Unassigned  
E9                           VREF0                                       Reserved    
E10     mcu_mem_io_up[9]     DDRIO47PB0/MDDR_CKE                         Fixed       LVCMOS25  Inout      TRISTATE                        None           No                                  Off              ---         ---            Off             Off          SLOW  ---           4                  5                 
E11     mcu_mem_io_down[15]  DDRIO42PB0/MDDR_ADDR1                       Fixed       LVCMOS25  Inout      TRISTATE                        None           No                                  Off              ---         ---            Off             Off          SLOW  ---           4                  5                 
E12     mcu_mem_io_down[14]  DDRIO42NB0/MDDR_ADDR2                       Fixed       LVCMOS25  Inout      TRISTATE                        None           No                                  Off              ---         ---            Off             Off          SLOW  ---           4                  5                 
E13                          VDDI0                                       Reserved    
E14     mcu_mem_io_down[5]   DDRIO37PB0/MDDR_ADDR10                      Fixed       LVCMOS25  Inout      TRISTATE                        None           No                                  Off              ---         ---            Off             Off          SLOW  ---           4                  5                 
E15     mcu_mem_io_down[6]   DDRIO38NB0/MDDR_ADDR9                       Fixed       LVCMOS25  Inout      TRISTATE                        None           No                                  Off              ---         ---            Off             Off          SLOW  ---           4                  5                 
E16     mcu_mem_io_down[10]  DDRIO40NB0/MDDR_ADDR6                       Fixed       LVCMOS25  Inout      TRISTATE                        None           No                                  Off              ---         ---            Off             Off          SLOW  ---           4                  5                 
F1                           VSS                                         Reserved    
F2                           MSIO97NB7                                   Unassigned  
F3      MCU_WE               MSIO96NB7                                   Fixed       LVCMOS25  Input      TRISTATE                        None           No                                  Off              ---         ---            Off             Off          ---   ---           ---                ---               
F4      mcu_fpga_io[3]       MSIO96PB7/GB6/CCC_NW1_CLKI1                 Special     LVCMOS25  Inout      TRISTATE                        None           No                                  Off              ---         ---            Off             Off          SLOW  ---           4                  5                 
F5      flag3                MSIO95NB7                                   Fixed       LVCMOS25  Output     TRISTATE                        None           No                                  ---              ---         ---            ---             ---          SLOW  ---           4                  5                 
F6                           VDDI7                                       Reserved    
F7                           VSS                                         Reserved    
F8                           VDDI0                                       Reserved    
F9                           VSS                                         Reserved    
F10                          VDDI0                                       Reserved    
F11                          CCC_NE0_NE1_MSS_MDDR_PLL_VDDA               Reserved    
F12                          CCC_NE0_NE1_MSS_MDDR_PLL_VSSA               Reserved    
F13     mcu_mem_io_up[2]     DDRIO37NB0/MDDR_ADDR11                      Fixed       LVCMOS25  Inout      TRISTATE                        None           No                                  Off              ---         ---            Off             Off          SLOW  ---           4                  5                 
F14     SRAM_CS2             DDRIO38PB0/MDDR_ADDR8                       Fixed       LVCMOS25  Output     TRISTATE                        None           No                                  ---              ---         ---            ---             ---          SLOW  ---           4                  5                 
F15     mcu_mem_io_down[4]   DDRIO39NB0/MDDR_ADDR7                       Fixed       LVCMOS25  Inout      TRISTATE                        None           No                                  Off              ---         ---            Off             Off          SLOW  ---           4                  5                 
F16     mcu_mem_io_down[7]   DDRIO39PB0/MDDR_ODT                         Fixed       LVCMOS25  Inout      TRISTATE                        None           No                                  Off              ---         ---            Off             Off          SLOW  ---           4                  5                 
G1                           MSIO97PB7/GB2/CCC_NW0_CLKI1                 Special     
G2      MCU_A_20             MSIO98NB7                                   Fixed       LVCMOS25  Input      TRISTATE                        None           No                                  Off              ---         ---            Off             Off          ---   ---           ---                ---               
G3      MCU_A_19             MSIO98PB7/CCC_NW1_CLKI0                     Special     LVCMOS25  Input      TRISTATE                        None           No                                  Off              ---         ---            Off             Off          ---   ---           ---                ---               
G4                           VSS                                         Reserved    
G5      ecc_sel2             MSIO95PB7                                   Fixed       LVCMOS25  Input      TRISTATE                        None           No                                  Off              ---         ---            Off             Off          ---   ---           ---                ---               
G6                           VSS                                         Reserved    
G7                           VDD                                         Reserved    
G8                           VSS                                         Reserved    
G9                           VDD                                         Reserved    
G10                          VSS                                         Reserved    
G11                          VDDI1                                       Reserved    
G12                          MSI32NB1/MMUART_0_TXD/GPIO_27_B             Unassigned  
G13                          MSIO33PB1/MMUART_0_RXD/GPIO_28_B            Unassigned  
G14                          MSIO15NB2/SPI_0_SS7/GPIO_22_A               Unassigned  
G15                          VSS                                         Reserved    
G16                          MSIO14NB2/SPI_0_SS5/GPIO_20_A               Unassigned  
H1                           MSIOD103PB6/CCC_SW0_CLKI0                   Special     
H2                           VDDI7                                       Reserved    
H3      MCU_LB               MSIO99PB7/CCC_NW0_CLKI0                     Special     LVCMOS25  Input      TRISTATE                        None           No                                  Off              ---         ---            Off             Off          ---   ---           ---                ---               
H4      MCU_OE               MSIO99NB7                                   Fixed       LVCMOS25  Input      TRISTATE                        None           No                                  Off              ---         ---            Off             Off          ---   ---           ---                ---               
H5                           MSIOD100PB6/GB5/CCC_SW1_CLKI1               Special     
H6                           VDDI6                                       Reserved    
H7                           VSS                                         Reserved    
H8                           VDD                                         Reserved    
H9                           VSS                                         Reserved    
H10                          VPP                                         Reserved    
H11                          FLASH_GOLDEN_N                              Reserved    
H12                          MSIO27NB1/MMUART_1_TXD/GPIO_24_B            Unassigned  
H13                          MSIO28NB1/MMUART_1_RXD/GPIO_26_B            Unassigned  
H14                          MSIO15PB2/SPI_0_SS6/GPIO_21_A               Unassigned  
H15                          MSIO14PB2/SPI_0_SS4/GPIO_19_A               Unassigned  
H16     flag0                MSIO11NB2/I2C_1_SCL/GPIO_1_A/CCC_NE1_CLKI0  Special     LVCMOS25  Output     TRISTATE                        None           No                                  ---              ---         ---            ---             ---          SLOW  ---           4                  5                 
J1                           MSIOD118PB5/SERDES_0_REFCLK0_P              Unassigned  
J2                           MSIOD118NB5/SERDES_0_REFCLK0_N              Unassigned  
J3                           MSIOD102PB6/CCC_SW1_CLKI0                   Special     
J4                           VSS                                         Reserved    
J5                           MSIOD101PB6/GB1/CCC_SW0_CLKI1               Special     
J6                           VSS                                         Reserved    
J7                           VDD                                         Reserved    
J8                           VSS                                         Reserved    
J9                           VDD                                         Reserved    
J10                          VSS                                         Reserved    
J11                          VDDI2                                       Reserved    
J12     ecc_sel0             MSIO13NB2/SPI_0_SS0/GPIO_7_A                Fixed       LVCMOS25  Input      TRISTATE                        None           No                                  Off              ---         ---            Off             Off          ---   ---           ---                ---               
J13                          MSIO12NB2/SPI_0_SDI/GPIO_5_A                Unassigned  
J14                          MSIO12PB2/SPI_0_CLK                         Unassigned  
J15                          VDDI2                                       Reserved    
J16     flag1                MSIO11PB2/I2C_1_SDA/GPIO_0_A/CCC_NE0_CLKI0  Special     LVCMOS25  Output     TRISTATE                        None           No                                  ---              ---         ---            ---             ---          SLOW  ---           4                  5                 
K1      LED2                 MSIOD119NB5/SERDES_0_REFCLK1_N              Fixed       LVCMOS25  Output     TRISTATE                        None           No                                  ---              ---         ---            ---             ---          SLOW  ---           4                  5                 
K2                           VDDI5                                       Reserved    
K3                           SERDES_0_L23_REXT                           Reserved    
K4                           SERDES_0_PLL_VSSA                           Reserved    
K5                           SERDES_0_PLL_VDDA                           Reserved    
K6                           CCC_SW0_SW1_PLL_VSSA                        Reserved    
K7                           VSS                                         Reserved    
K8                           VDD                                         Reserved    
K9                           VSS                                         Reserved    
K10                          VDD                                         Reserved    
K11                          VPPNVM                                      Reserved    
K12     ecc_sel1             MSIO13PB2/SPI_0_SDO/GPIO_6_A                Fixed       LVCMOS25  Input      TRISTATE                        None           No                                  Off              ---         ---            Off             Off          ---   ---           ---                ---               
K13                          VSS                                         Reserved    
K14                          MSIO6PB2/USB_DATA6_B                        Unassigned  
K15     MCU_UB               MSIO6NB2                                    Fixed       LVCMOS25  Input      TRISTATE                        None           No                                  Off              ---         ---            Off             Off          ---   ---           ---                ---               
K16     MCU_A_7              MSIO4PB2/USB_DATA2_B                        Fixed       LVCMOS25  Input      TRISTATE                        None           No                                  Off              ---         ---            Off             Off          ---   ---           ---                ---               
L1      LED1                 MSIOD119PB5/SERDES_0_REFCLK1_P              Fixed       LVCMOS25  Output     TRISTATE                        None           No                                  ---              ---         ---            ---             ---          SLOW  ---           4                  5                 
L2                           SERDES_0_L01_REXT                           Reserved    
L3                           SERDES_0_L01_VDDAPLL                        Reserved    
L4                           SERDES_0_L01_REFRET                         Reserved    
L5                           CCC_SW0_SW1_PLL_VDDA                        Reserved    
L6                           SERDES_0_L23_REFRET                         Reserved    
L7                           VDD                                         Reserved    
L8                           VSS                                         Reserved    
L9                           VPP                                         Reserved    
L10                          VSSNVM                                      Reserved    
L11     mcu_fpga_io[14]      MSIO3PB2/USB_DATA0_B                        Fixed       LVCMOS25  Inout      TRISTATE                        None           No                                  Off              ---         ---            Off             Off          SLOW  ---           4                  5                 
L12     mcu_fpga_io[13]      MSIO3NB2/USB_DATA1_B                        Fixed       LVCMOS25  Inout      TRISTATE                        None           No                                  Off              ---         ---            Off             Off          SLOW  ---           4                  5                 
L13                          MSIO5NB2/USB_DATA5_B                        Unassigned  
L14     MCU_A_8              MSIO5PB2/USB_DATA4_B                        Fixed       LVCMOS25  Input      TRISTATE                        None           No                                  Off              ---         ---            Off             Off          ---   ---           ---                ---               
L15                          MSIO4NB2/USB_DATA3_B                        Unassigned  
L16                          VSS                                         Reserved    
M1                           VSS                                         Reserved    
M2                           VSS                                         Reserved    
M3                           VSS                                         Reserved    
M4                           VDD                                         Reserved    
M5                           SERDES_0_L01_VDDAIO                         Reserved    
M6                           SERDES_0_L23_VDDAPLL                        Reserved    
M7      MCU_CS               MSIO125PB4/GB3/CCC_SW0_CLKI3                Special     LVCMOS25  Input      TRISTATE                        None           No                                  Off              ---         ---            Off             Off          ---   ---           ---                ---               
M8      MCU_A_10             MSIO129NB4                                  Fixed       LVCMOS25  Input      TRISTATE                        None           No                                  Off              ---         ---            Off             Off          ---   ---           ---                ---               
M9      MCU_A_17             MSIO132PB4                                  Fixed       LVCMOS25  Input      TRISTATE                        None           No                                  Off              ---         ---            Off             Off          ---   ---           ---                ---               
M10     mcu_fpga_io[0]       MSIO132NB4                                  Fixed       LVCMOS25  Inout      TRISTATE                        None           No                                  Off              ---         ---            Off             Off          SLOW  ---           4                  5                 
M11                          DEVRST_N                                    Reserved    
M12                          JTAGSEL                                     Reserved    
M13     mcu_fpga_io[12]      MSIO2NB2/USB_NXT_B                          Fixed       LVCMOS25  Inout      TRISTATE                        None           No                                  Off              ---         ---            Off             Off          SLOW  ---           4                  5                 
M14                          VDDI2                                       Reserved    
M15     mcu_fpga_io[8]       MSIO0PB2                                    Fixed       LVCMOS25  Inout      TRISTATE                        None           No                                  Off              ---         ---            Off             Off          SLOW  ---           4                  5                 
M16     MCU_A_13             MSIO1NB2/USB_DIR_B                          Fixed       LVCMOS25  Input      TRISTATE                        None           No                                  Off              ---         ---            Off             Off          ---   ---           ---                ---               
N1                           SERDES_0_RXD0_P                             Reserved    
N2                           VSS                                         Reserved    
N3                           SERDES_0_RXD2_N                             Reserved    
N4                           VSS                                         Reserved    
N5                           SERDES_0_L23_VDDAIO                         Reserved    
N6                           VSS                                         Reserved    
N7      MCU_A_14             MSIO125NB4/GB7/CCC_SW1_CLKI2                Special     LVCMOS25  Input      TRISTATE                        None           No                                  Off              ---         ---            Off             Off          ---   ---           ---                ---               
N8      MCU_A_11             MSIO129PB4/CCC_SW1_CLKI3                    Special     LVCMOS25  Input      TRISTATE                        None           No                                  Off              ---         ---            Off             Off          ---   ---           ---                ---               
N9                           VSS                                         Reserved    
N10     MCU_A_9              MSIO133NB4                                  Fixed       LVCMOS25  Input      TRISTATE                        None           No                                  Off              ---         ---            Off             Off          ---   ---           ---                ---               
N11                          JTAG_TMS/M3_TMS/M3_SWDIO                    Reserved    
N12                          VDDI3                                       Reserved    
N13                          JTAG_TRSTB/M3_TRSTB                         Reserved    
N14     mcu_fpga_io[11]      MSIO2PB2/USB_STP_B                          Fixed       LVCMOS25  Inout      TRISTATE                        None           No                                  Off              ---         ---            Off             Off          SLOW  ---           4                  5                 
N15     mcu_fpga_io[7]       MSIO0NB2/USB_DATA7_B                        Fixed       LVCMOS25  Inout      TRISTATE                        None           No                                  Off              ---         ---            Off             Off          SLOW  ---           4                  5                 
N16     mcu_fpga_io[4]       MSIO1PB2/USB_XCLK_B                         Fixed       LVCMOS25  Inout      TRISTATE                        None           No                                  Off              ---         ---            Off             Off          SLOW  ---           4                  5                 
P1                           SERDES_0_RXD0_N                             Reserved    
P2                           VSS                                         Reserved    
P3                           SERDES_0_RXD2_P                             Reserved    
P4                           VSS                                         Reserved    
P5                           VSS                                         Reserved    
P6      MCU_A_1              MSIO121PB4/PROBE_A                          Fixed       LVCMOS25  Input      TRISTATE                        None           No                                  Off              ---         ---            Off             Off          ---   ---           ---                ---               
P7      MCU_A_3              MSIO121NB4/PROBE_B                          Fixed       LVCMOS25  Input      TRISTATE                        None           No                                  Off              ---         ---            Off             Off          ---   ---           ---                ---               
P8      mcu_fpga_io[1]       MSIO126NB4                                  Fixed       LVCMOS25  Inout      TRISTATE                        None           No                                  Off              ---         ---            Off             Off          SLOW  ---           4                  5                 
P9      MCU_A_15             MSIO131PB4/GB11/VCCC_SE0_CLKI               Special     LVCMOS25  Input      TRISTATE                        None           No                                  Off              ---         ---            Off             Off          ---   ---           ---                ---               
P10                          MSIO133PB4/GB15/VCCC_SE1_CLKI               Special     
P11                          VDDI4                                       Reserved    
P12     mcu_fpga_io[9]       MSIO143PB4                                  Fixed       LVCMOS25  Inout      TRISTATE                        None           No                                  Off              ---         ---            Off             Off          SLOW  ---           4                  5                 
P13                          MSIO143NB4                                  Unassigned  
P14                          JTAG_TDO/M3_TDO/M3_SWO                      Reserved    
P15                          VSS                                         Reserved    
P16                          JTAG_TDI/M3_TDI                             Reserved    
R1                           VSS                                         Reserved    
R2                           SERDES_0_TXD0_N                             Reserved    
R3                           VSS                                         Reserved    
R4                           SERDES_0_TXD2_N                             Reserved    
R5                           VSS                                         Reserved    
R6      MCU_A_2              MSIO120PB4                                  Fixed       LVCMOS25  Input      TRISTATE                        None           No                                  Off              ---         ---            Off             Off          ---   ---           ---                ---               
R7                           VDDI4                                       Reserved    
R8      mcu_fpga_io[2]       MSIO126PB4                                  Fixed       LVCMOS25  Inout      TRISTATE                        None           No                                  Off              ---         ---            Off             Off          SLOW  ---           4                  5                 
R9      MCU_A_12             MSIO130NB4                                  Fixed       LVCMOS25  Input      TRISTATE                        None           No                                  Off              ---         ---            Off             Off          ---   ---           ---                ---               
R10     MCU_A_6              MSIO131NB4                                  Fixed       LVCMOS25  Input      TRISTATE                        None           No                                  Off              ---         ---            Off             Off          ---   ---           ---                ---               
R11                          MSIO134NB4                                  Unassigned  
R12     MCU_A_16             MSIO138NB4                                  Fixed       LVCMOS25  Input      TRISTATE                        None           No                                  Off              ---         ---            Off             Off          ---   ---           ---                ---               
R13     mcu_fpga_io[5]       MSIO145NB4                                  Fixed       LVCMOS25  Inout      TRISTATE                        None           No                                  Off              ---         ---            Off             Off          SLOW  ---           4                  5                 
R14                          JTAG_TCK/M3_TCK                             Reserved    
R15                          XTLOSC_MAIN_EXTAL                           Reserved    
R16                          XTLOSC_MAIN_XTAL                            Reserved    
T1                           VSS                                         Reserved    
T2                           SERDES_0_TXD0_P                             Reserved    
T3                           VSS                                         Reserved    
T4                           SERDES_0_TXD2_P                             Reserved    
T5                           VSS                                         Reserved    
T6      MCU_A_0              MSIO120NB4/CCC_SW0_CLKI2                    Special     LVCMOS25  Input      TRISTATE                        None           No                                  Off              ---         ---            Off             Off          ---   ---           ---                ---               
T7      MCU_A_5              MSIO122PB4                                  Fixed       LVCMOS25  Input      TRISTATE                        None           No                                  Off              ---         ---            Off             Off          ---   ---           ---                ---               
T8      MCU_A_4              MSIO122NB4                                  Fixed       LVCMOS25  Input      TRISTATE                        None           No                                  Off              ---         ---            Off             Off          ---   ---           ---                ---               
T9      MCU_A_18             MSIO130PB4/VCCC_SE0_CLKI                    Special     LVCMOS25  Input      TRISTATE                        None           No                                  Off              ---         ---            Off             Off          ---   ---           ---                ---               
T10                          VSS                                         Reserved    
T11     mcu_fpga_io[15]      MSIO134PB4/VCCC_SE1_CLKI                    Special     LVCMOS25  Inout      TRISTATE                        None           No                                  Off              ---         ---            Off             Off          SLOW  ---           4                  5                 
T12     mcu_fpga_io[10]      MSIO138PB4                                  Fixed       LVCMOS25  Inout      TRISTATE                        None           No                                  Off              ---         ---            Off             Off          SLOW  ---           4                  5                 
T13     mcu_fpga_io[6]       MSIO145PB4                                  Fixed       LVCMOS25  Inout      TRISTATE                        None           No                                  Off              ---         ---            Off             Off          SLOW  ---           4                  5                 
T14                          VSS                                         Reserved    
T15                          XTLOSC_AUX_XTAL                             Reserved    
T16                          XTLOSC_AUX_EXTAL                            Reserved    
