Software Version: 2024.1.0.3
Programmer 'S207823' : JTAG TCK / SPI SCK frequency = 1 MHz
programmer 'S207823' : FlashPro5
Opened 'C:\Users\Jmano\Projetos_LESC\FPGA_design\FPGA2memory\designer\prj_2_memory_sb\prj_2_memory_sb_fp\prj_2_memory_sb.pro'
The 'open_project' command succeeded.
Info: Programming is already enabled for device 'M2S025T'.
The 'enable_device' command succeeded.
PPD file 'C:/Users/Jmano/Projetos_LESC/FPGA_design/FPGA2memory/designer/prj_2_memory_sb/prj_2_memory_sb.ppd' has been loaded successfully.
DESIGN : prj_2_memory_sb;  CHECKSUM : 2612;  PDB_VERSION : 1.0
The 'set_programming_file' command succeeded.
The 'set_programming_action' command succeeded.
programmer 'S207823' : Scan Chain...
Programmer 'S207823' : JTAG TCK / SPI SCK frequency = 1 MHz
programmer 'S207823' : Check Chain...
programmer 'S207823' : Scan and Check Chain PASSED.
programmer 'S207823' : device 'M2S025T' : Executing action PROGRAM
Programmer 'S207823' : JTAG TCK / SPI SCK frequency = 4 MHz
programmer 'S207823' : device 'M2S025T' : Family: SmartFusion2
programmer 'S207823' : device 'M2S025T' : Product:      M2S025
programmer 'S207823' : device 'M2S025T' : Cortex-M3 Enabled (M3_ALLOWED = 1)
programmer 'S207823' : device 'M2S025T' : Programming Interface Protocol: JTAG
programmer 'S207823' : device 'M2S025T' : EXPORT ISC_ENABLE_RESULT[32] = 005d6824
programmer 'S207823' : device 'M2S025T' : EXPORT CRCERR[1] = 0
programmer 'S207823' : device 'M2S025T' : EXPORT EDCERR[1] = 0
programmer 'S207823' : device 'M2S025T' : Programming FPGA Array...
programmer 'S207823' : device 'M2S025T' : EXPORT Fabric component digest[256] = 900739296f3bd5aac467673047759b8235b1f2d426c8817049e8b8b59fc0e660
programmer 'S207823' : device 'M2S025T' : ===================================================================================
programmer 'S207823' : device 'M2S025T' : EXPORT DSN[128] = f80c503607d39488d77c978944a70e6c
programmer 'S207823' : device 'M2S025T' : ===================================================================================
programmer 'S207823' : device 'M2S025T' : Finished: Fri May 16 10:57:39 2025 (Elapsed time 00:00:34)
programmer 'S207823' : device 'M2S025T' : Executing action PROGRAM PASSED.
programmer 'S207823' : Chain programming PASSED.
Chain Programming Finished: Fri May 16 10:57:39 2025 (Elapsed time 00:00:34)

                        o - o - o - o - o - o

The 'run_selected_actions' command succeeded.
Project saved.
The 'save_project' command succeeded.
Project closed.
The 'close_project' command succeeded.
The Execute Script command succeeded.
