C:\Microchip\Libero_SoC_v2024.1\SynplifyPro\bin64\c_hdl.exe  -osyn  C:\Users\Lucas\Desktop\Projeto_CubeSat-dev_hdl_fpga\FPGA2memory\synthesis\synwork\prj_2_memory_sb_comp.srs  -top  prj_2_memory_sb  -hdllog  C:\Users\Lucas\Desktop\Projeto_CubeSat-dev_hdl_fpga\FPGA2memory\synthesis\synlog\prj_2_memory_sb_compiler.srr  -encrypt  -mp  4  -verification_mode 0  -verilog  -prodtype  synplify_pro   -infer_seqShift -primux -dspmac -pqdpadd -fixsmult -sdff_counter -divnmod -nram  -actel   -I C:\Users\Lucas\Desktop\Projeto_CubeSat-dev_hdl_fpga\FPGA2memory\hdl  -I C:\Users\Lucas\Desktop\Projeto_CubeSat-dev_hdl_fpga\FPGA2memory\hdl  -I C:\Users\Lucas\Desktop\Projeto_CubeSat-dev_hdl_fpga\FPGA2memory\hdl  -I C:\Users\Lucas\Desktop\Projeto_CubeSat-dev_hdl_fpga\FPGA2memory\hdl  -I C:\Users\Lucas\Desktop\Projeto_CubeSat-dev_hdl_fpga\FPGA2memory\hdl  -I C:\Users\Lucas\Desktop\Projeto_CubeSat-dev_hdl_fpga\FPGA2memory\synthesis\  -I C:\Microchip\Libero_SoC_v2024.1\SynplifyPro\lib   -sysv  -devicelib  C:\Microchip\Libero_SoC_v2024.1\SynplifyPro\lib\generic\smartfusion2.v  -encrypt  -pro  -dmgen  C:\Users\Lucas\Desktop\Projeto_CubeSat-dev_hdl_fpga\FPGA2memory\synthesis\dm  -ui -fid2 -ram -sharing on -ll 2000 -autosm  -lib work C:\Users\Lucas\Desktop\Projeto_CubeSat-dev_hdl_fpga\FPGA2memory\component\Actel\SgCore\OSC\2.0.101\osc_comps.v -lib work C:\Users\Lucas\Desktop\Projeto_CubeSat-dev_hdl_fpga\FPGA2memory\component\work\OSC_C0\OSC_C0_0\OSC_C0_OSC_C0_0_OSC.v -lib work C:\Users\Lucas\Desktop\Projeto_CubeSat-dev_hdl_fpga\FPGA2memory\component\work\OSC_C0\OSC_C0.v -lib work -fsysv C:\Users\Lucas\Desktop\Projeto_CubeSat-dev_hdl_fpga\FPGA2memory\hdl\TBEC_RSC_encoder13.sv -lib work -fsysv C:\Users\Lucas\Desktop\Projeto_CubeSat-dev_hdl_fpga\FPGA2memory\hdl\TBEC_RSC_encoder17.sv -lib work -fsysv C:\Users\Lucas\Desktop\Projeto_CubeSat-dev_hdl_fpga\FPGA2memory\hdl\design.sv -lib work -fsysv C:\Users\Lucas\Desktop\Projeto_CubeSat-dev_hdl_fpga\FPGA2memory\hdl\lfsr_random_generator3.sv -lib work -fsysv C:\Users\Lucas\Desktop\Projeto_CubeSat-dev_hdl_fpga\FPGA2memory\hdl\lfsr_random_generator_position.sv -lib work -fsysv C:\Users\Lucas\Desktop\Projeto_CubeSat-dev_hdl_fpga\FPGA2memory\hdl\lfsr_random_generator.sv -lib work C:\Users\Lucas\Desktop\Projeto_CubeSat-dev_hdl_fpga\FPGA2memory\component\work\prj_2_memory_sb\prj_2_memory_sb.v  -jobname  "compiler" 
relcom:..\..\..\..\..\..\..\Microchip\Libero_SoC_v2024.1\SynplifyPro\bin64\c_hdl.exe -osyn ..\synwork\prj_2_memory_sb_comp.srs -top prj_2_memory_sb -hdllog ..\synlog\prj_2_memory_sb_compiler.srr -encrypt -mp 4 -verification_mode 0 -verilog -prodtype synplify_pro -infer_seqShift -primux -dspmac -pqdpadd -fixsmult -sdff_counter -divnmod -nram -actel -I ..\..\hdl -I ..\..\hdl -I ..\..\hdl -I ..\..\hdl -I ..\..\hdl -I ..\ -I ..\..\..\..\..\..\..\Microchip\Libero_SoC_v2024.1\SynplifyPro\lib -sysv -devicelib ..\..\..\..\..\..\..\Microchip\Libero_SoC_v2024.1\SynplifyPro\lib\generic\smartfusion2.v -encrypt -pro -dmgen ..\dm -ui -fid2 -ram -sharing on -ll 2000 -autosm -lib work ..\..\component\Actel\SgCore\OSC\2.0.101\osc_comps.v -lib work ..\..\component\work\OSC_C0\OSC_C0_0\OSC_C0_OSC_C0_0_OSC.v -lib work ..\..\component\work\OSC_C0\OSC_C0.v -lib work -fsysv ..\..\hdl\TBEC_RSC_encoder13.sv -lib work -fsysv ..\..\hdl\TBEC_RSC_encoder17.sv -lib work -fsysv ..\..\hdl\design.sv -lib work -fsysv ..\..\hdl\lfsr_random_generator3.sv -lib work -fsysv ..\..\hdl\lfsr_random_generator_position.sv -lib work -fsysv ..\..\hdl\lfsr_random_generator.sv -lib work ..\..\component\work\prj_2_memory_sb\prj_2_memory_sb.v -jobname "compiler"
rc:0 success:1 runtime:5
file:..\synwork\prj_2_memory_sb_comp.srs|io:o|time:1738769499|size:23629|exec:0|csum:
file:..\synlog\prj_2_memory_sb_compiler.srr|io:o|time:1738769499|size:21377|exec:0|csum:
file:..\..\..\..\..\..\..\microchip\libero_soc_v2024.1\synplifypro\lib\generic\smartfusion2.v|io:i|time:1704384662|size:16415|exec:0|csum:9BAA6208AF4C76CF2C10809775E94DAF
file:..\..\component\actel\sgcore\osc\2.0.101\osc_comps.v|io:i|time:1731009354|size:924|exec:0|csum:96EB0FE10D5CD792BE1E4F31403C1EFA
file:..\..\component\work\osc_c0\osc_c0_0\osc_c0_osc_c0_0_osc.v|io:i|time:1731009354|size:794|exec:0|csum:BB5E1BBE73EF175F2D5DB5CC0A443993
file:..\..\component\work\osc_c0\osc_c0.v|io:i|time:1731009354|size:2831|exec:0|csum:02FE32B82BC9ED5AF410E324825C0487
file:.\-fsysv|io:i|time:0|size:-1|exec:0|csum:
file:..\..\hdl\tbec_rsc_encoder13.sv|io:i|time:1731009354|size:1964|exec:0|csum:8555B86E63E93069E752E11F67FBCA10
file:.\-fsysv|io:i|time:0|size:-1|exec:0|csum:
file:..\..\hdl\tbec_rsc_encoder17.sv|io:i|time:1731009354|size:1964|exec:0|csum:0A9A1648A2F572FEB9E0B10B91B80465
file:.\-fsysv|io:i|time:0|size:-1|exec:0|csum:
file:..\..\hdl\design.sv|io:i|time:1738769419|size:2846|exec:0|csum:7490DD4D3D96341E078ED3F4A4BA61D4
file:.\-fsysv|io:i|time:0|size:-1|exec:0|csum:
file:..\..\hdl\lfsr_random_generator3.sv|io:i|time:1731009354|size:1153|exec:0|csum:3A964BEF8EEBBFC4A52AF4827C240C79
file:.\-fsysv|io:i|time:0|size:-1|exec:0|csum:
file:..\..\hdl\lfsr_random_generator_position.sv|io:i|time:1731009354|size:743|exec:0|csum:5874C86A32B085F44A92810B549DD422
file:.\-fsysv|io:i|time:0|size:-1|exec:0|csum:
file:..\..\hdl\lfsr_random_generator.sv|io:i|time:1731009354|size:1487|exec:0|csum:58DE8446AF7D245C598FB20A8EE77339
file:..\..\component\work\prj_2_memory_sb\prj_2_memory_sb.v|io:i|time:1738769487|size:11427|exec:0|csum:CEC90637098F31810E8F3784445399FD
file:..\..\..\..\..\..\..\microchip\libero_soc_v2024.1\synplifypro\bin64\c_hdl.exe|io:i|time:1704384984|size:7448576|exec:1|csum:76E3C5E55C912E189842A3CDFCBC6254
