{
"Synplify Pro (R) Job Log" : {
	"Date" : "10:53:03    16-May-2025",
	"Working Directory" : "C:/Users/Jmano/Projetos_LESC/FPGA_design/FPGA2memory/synthesis",
	"Install" : "C:/Microchip/Libero_SoC_v2024.1/SynplifyPro"
},
"synthesis" :{
   "Job Flow" : "Sequential",
   "Start Time" : "10:52:44",
   "Runtime" : "19s",
   "Executable Run Time" : "18s",
   "synthesis" : {
      "Job Flow" : "Sequential",
      "Start Time" : "10:52:44",
      "Runtime" : "19s",
      "Executable Run Time" : "18s",
      "compile" : {
         "Job Flow" : "Sequential",
         "Start Time" : "10:52:44",
         "Runtime" : "11s",
         "Executable Run Time" : "10s",
         "compile_flow" : {
            "Job Flow" : "Sequential",
            "Start Time" : "10:52:44",
            "Runtime" : "08s",
            "Executable Run Time" : "07s",
            "compiler" : {
               "executable" : "bin64/c_hdl.exe",
               "Run Directory" : "C:/Users/Jmano/Projetos_LESC/FPGA_design/FPGA2memory/synthesis",
               "Run State" : "Complete",
               "Return Code" : "0",
               "Has Errors" : "no",
               "Run Start Time" : "10:52:44",
               "Run Time" : "07s",
               "Exe Run Time" : "06s",
               "Memory Usage" : "-",
               "Up-to-date (run skipped)" : "no"
            },
            "multi_srs_gen" : {
               "executable" : "bin64/syn_nfilter.exe",
               "Run Directory" : "C:/Users/Jmano/Projetos_LESC/FPGA_design/FPGA2memory/synthesis",
               "Run State" : "Complete",
               "Return Code" : "0",
               "Has Errors" : "no",
               "Run Start Time" : "10:52:51",
               "Run Time" : "01s",
               "Exe Run Time" : "01s",
               "Memory Usage" : "-",
               "Up-to-date (run skipped)" : "no"
            }
         },
         "premap" : {
            "executable" : "bin64/m_generic.exe",
            "Run Directory" : "C:/Users/Jmano/Projetos_LESC/FPGA_design/FPGA2memory/synthesis",
            "Run State" : "Complete",
            "Return Code" : "1",
            "Has Errors" : "no",
            "Run Start Time" : "10:52:52",
            "Run Time" : "03s",
            "Exe Run Time" : "03s",
            "Memory Usage" : "-",
            "Up-to-date (run skipped)" : "no"
         }
      },
      "map" : {
         "Job Flow" : "Sequential",
         "Start Time" : "10:52:55",
         "Runtime" : "08s",
         "Executable Run Time" : "08s",
         "fpga_mapper" : {
            "executable" : "bin64/m_generic.exe",
            "Run Directory" : "C:/Users/Jmano/Projetos_LESC/FPGA_design/FPGA2memory/synthesis",
            "Run State" : "Complete",
            "Return Code" : "1",
            "Has Errors" : "no",
            "Run Start Time" : "10:52:55",
            "Run Time" : "08s",
            "Exe Run Time" : "08s",
            "Memory Usage" : "-",
            "Up-to-date (run skipped)" : "no"
         }
      }
   }
}
}